2025-01-12 01:18:10,065 [INFO] Activator:176 - 


2025-01-12 01:18:10,069 [INFO] Activator:177 - !SESSION log4j initialized
2025-01-12 01:18:15,683 [INFO] LogOutputStream:77 - [STDOUT_REDIRECT] 
2025-01-12 01:18:22,979 [INFO] ApplicationProperties:184 - Using Application install path: C:\ST\STM32CubeIDE_1.16.0\STM32CubeIDE\plugins\com.st.stm32cube.common.mx_6.12.0.202406281431
2025-01-12 01:18:23,004 [INFO] DbMcusXml:78 - Set database path to: C:\ST\STM32CubeIDE_1.16.0\STM32CubeIDE\plugins\com.st.stm32cube.common.mx_6.12.0.202406281431\\db\/mcu/
2025-01-12 01:18:23,005 [INFO] ApiDb:274 - Set plugin database path to: C:\ST\STM32CubeIDE_1.16.0\STM32CubeIDE\plugins\com.st.stm32cube.common.mx_6.12.0.202406281431\\db\/plugins/boardmanager/
2025-01-12 01:18:23,005 [WARN] ApiDb:259 - Overriding images path with different value:  => C:\ST\STM32CubeIDE_1.16.0\STM32CubeIDE\plugins\com.st.stm32cube.common.mx_6.12.0.202406281431\\db\/plugins/mcufinder/images/
2025-01-12 01:18:23,014 [INFO] ApiDb:250 - Set database path to: C:\Users\nclsr\.stmcufinder\plugins\mcufinder//mcu/
2025-01-12 01:18:23,017 [INFO] DbMcusAds:125 - Set database path to: C:\Users\nclsr\.stmcufinder\plugins\mcufinder//mcu/
2025-01-12 01:18:23,020 [INFO] CrossReferenceDbSqlite:203 - Set database path to: C:\Users\nclsr\.stmcufinder\plugins\mcufinder//mcu/cs/
2025-01-12 01:18:23,204 [INFO] RulesReader:64 - Compatibility file has been processed (297 Rules)
2025-01-12 01:18:23,311 [INFO] DbMcusXml:78 - Set database path to: C:\ST\STM32CubeIDE_1.16.0\STM32CubeIDE\plugins\com.st.stm32cube.common.mx_6.12.0.202406281431\\db\/mcu/
2025-01-12 01:18:23,311 [INFO] ApiDb:274 - Set plugin database path to: C:\ST\STM32CubeIDE_1.16.0\STM32CubeIDE\plugins\com.st.stm32cube.common.mx_6.12.0.202406281431\\db\/plugins/boardmanager/
2025-01-12 01:18:23,311 [INFO] ApiDb:261 - Set plugin images path to: C:\ST\STM32CubeIDE_1.16.0\STM32CubeIDE\plugins\com.st.stm32cube.common.mx_6.12.0.202406281431\\db\/plugins/mcufinder/images/
2025-01-12 01:18:23,311 [WARN] DbFile:41 - Overriding database path with different value: C:\Users\nclsr\.stmcufinder\plugins\mcufinder/ => C:\Users\nclsr\.stmcufinder\plugins\mcufinder
2025-01-12 01:18:23,312 [INFO] ApiDb:250 - Set database path to: C:\Users\nclsr\.stmcufinder\plugins\mcufinder//mcu/
2025-01-12 01:18:23,312 [WARN] DbFile:41 - Overriding database path with different value: C:\Users\nclsr\.stmcufinder\plugins\mcufinder/ => C:\Users\nclsr\.stmcufinder\plugins\mcufinder
2025-01-12 01:18:23,312 [INFO] DbMcusAds:125 - Set database path to: C:\Users\nclsr\.stmcufinder\plugins\mcufinder//mcu/
2025-01-12 01:18:23,312 [WARN] DbFile:41 - Overriding database path with different value: C:\Users\nclsr\.stmcufinder\plugins\mcufinder/ => C:\Users\nclsr\.stmcufinder\plugins\mcufinder
2025-01-12 01:18:23,312 [WARN] DbFile:41 - Overriding database path with different value: C:\Users\nclsr\.stmcufinder\plugins\mcufinder/ => C:\Users\nclsr\.stmcufinder\plugins\mcufinder
2025-01-12 01:18:23,312 [INFO] CrossReferenceDbSqlite:203 - Set database path to: C:\Users\nclsr\.stmcufinder\plugins\mcufinder//mcu/cs/
2025-01-12 01:18:23,415 [INFO] MainPanel:268 - HeapMemory: 268435456
2025-01-12 01:18:23,497 [INFO] DbMcusXml:78 - Set database path to: C:\ST\STM32CubeIDE_1.16.0\STM32CubeIDE\plugins\com.st.stm32cube.common.mx_6.12.0.202406281431\\db\/mcu/
2025-01-12 01:18:23,497 [INFO] ApiDb:274 - Set plugin database path to: C:\ST\STM32CubeIDE_1.16.0\STM32CubeIDE\plugins\com.st.stm32cube.common.mx_6.12.0.202406281431\\db\/plugins/boardmanager/
2025-01-12 01:18:23,497 [INFO] ApiDb:261 - Set plugin images path to: C:\ST\STM32CubeIDE_1.16.0\STM32CubeIDE\plugins\com.st.stm32cube.common.mx_6.12.0.202406281431\\db\/plugins/mcufinder/images/
2025-01-12 01:18:23,497 [WARN] DbFile:41 - Overriding database path with different value: C:\Users\nclsr\.stmcufinder\plugins\mcufinder/ => C:\Users\nclsr\.stmcufinder\plugins\mcufinder
2025-01-12 01:18:23,497 [INFO] ApiDb:250 - Set database path to: C:\Users\nclsr\.stmcufinder\plugins\mcufinder//mcu/
2025-01-12 01:18:23,497 [WARN] DbFile:41 - Overriding database path with different value: C:\Users\nclsr\.stmcufinder\plugins\mcufinder/ => C:\Users\nclsr\.stmcufinder\plugins\mcufinder
2025-01-12 01:18:23,497 [INFO] DbMcusAds:125 - Set database path to: C:\Users\nclsr\.stmcufinder\plugins\mcufinder//mcu/
2025-01-12 01:18:23,498 [WARN] DbFile:41 - Overriding database path with different value: C:\Users\nclsr\.stmcufinder\plugins\mcufinder/ => C:\Users\nclsr\.stmcufinder\plugins\mcufinder
2025-01-12 01:18:23,498 [WARN] DbFile:41 - Overriding database path with different value: C:\Users\nclsr\.stmcufinder\plugins\mcufinder/ => C:\Users\nclsr\.stmcufinder\plugins\mcufinder
2025-01-12 01:18:23,498 [INFO] CrossReferenceDbSqlite:203 - Set database path to: C:\Users\nclsr\.stmcufinder\plugins\mcufinder//mcu/cs/
2025-01-12 01:18:23,534 [INFO] ApplicationProperties:184 - Using Application install path: C:\ST\STM32CubeIDE_1.16.0\STM32CubeIDE\plugins\com.st.stm32cube.common.mx_6.12.0.202406281431
2025-01-12 01:18:23,537 [INFO] PluginManage:196 - Search for loadable plugins [exclusion list=, ]
2025-01-12 01:18:23,539 [INFO] PluginManage:310 - Check plugin analytics
2025-01-12 01:18:28,376 [INFO] AnalyticsPlugin:253 - Accepted Software Licenses: 
2025-01-12 01:18:28,377 [INFO] AnalyticsPlugin:255 - Accepted CMSIS Pack Licenses: 
2025-01-12 01:18:28,378 [INFO] AnalyticsPlugin:257 - Accepted Firmware Licenses: FW.L4.1.18.0
2025-01-12 01:18:28,381 [INFO] PluginManage:359 - Loaded plugin analytics (category:tool,tabindex:-1)
2025-01-12 01:18:28,381 [INFO] PluginManage:310 - Check plugin cadmodel
2025-01-12 01:18:28,388 [INFO] CADModel:105 - Init CAD model plugin
2025-01-12 01:18:28,389 [INFO] PluginManage:359 - Loaded plugin cadmodel (category:power,tabindex:5)
2025-01-12 01:18:28,389 [INFO] PluginManage:310 - Check plugin clock
2025-01-12 01:18:28,398 [INFO] PluginManage:359 - Loaded plugin clock (category:base,tabindex:2)
2025-01-12 01:18:28,398 [INFO] PluginManage:310 - Check plugin ddr
2025-01-12 01:18:28,400 [INFO] PluginManage:359 - Loaded plugin ddr (category:tool,tabindex:6)
2025-01-12 01:18:28,401 [INFO] PluginManage:310 - Check plugin filemanager
2025-01-12 01:18:28,546 [INFO] PluginManage:359 - Loaded plugin filemanager (category:base,tabindex:10)
2025-01-12 01:18:28,546 [INFO] PluginManage:310 - Check plugin ipmanager
2025-01-12 01:18:28,552 [INFO] PluginManage:359 - Loaded plugin ipmanager (category:base,tabindex:5)
2025-01-12 01:18:28,553 [INFO] PluginManage:310 - Check plugin lpbam
2025-01-12 01:18:28,561 [INFO] PluginManage:359 - Loaded plugin lpbam (category:base,tabindex:0)
2025-01-12 01:18:28,561 [INFO] PluginManage:310 - Check plugin memorymap
2025-01-12 01:18:28,571 [INFO] PluginManage:359 - Loaded plugin memorymap (category:base,tabindex:4)
2025-01-12 01:18:28,572 [INFO] PluginManage:310 - Check plugin pinoutandconfiguration
2025-01-12 01:18:28,584 [INFO] PluginManage:359 - Loaded plugin pinoutandconfiguration (category:base,tabindex:1)
2025-01-12 01:18:28,585 [INFO] PluginManage:310 - Check plugin pinoutconfig
2025-01-12 01:18:28,680 [WARN] SupportedApi:132 - Cannot load RTOS API schema: s4s-elt-must-match.1: The content of 'definitions' must match (annotation?, (simpleType | complexType)?, (unique | key | keyref)*)). A problem was found starting at: attribute.
2025-01-12 01:18:28,814 [INFO] PluginManage:359 - Loaded plugin pinoutconfig (category:base,tabindex:0)
2025-01-12 01:18:28,814 [INFO] PluginManage:310 - Check plugin power
2025-01-12 01:18:28,824 [INFO] PluginManage:359 - Loaded plugin power (category:power,tabindex:4)
2025-01-12 01:18:28,824 [INFO] PluginManage:310 - Check plugin projectmanager
2025-01-12 01:18:28,849 [INFO] PluginManage:359 - Loaded plugin projectmanager (category:projectmanager,tabindex:4)
2025-01-12 01:18:28,849 [INFO] PluginManage:310 - Check plugin rif
2025-01-12 01:18:28,856 [INFO] PluginManage:359 - Loaded plugin rif (category:base,tabindex:3)
2025-01-12 01:18:28,856 [INFO] PluginManage:310 - Check plugin thirdparty
2025-01-12 01:18:28,993 [INFO] PluginManage:359 - Loaded plugin thirdparty (category:base,tabindex:-1)
2025-01-12 01:18:28,994 [INFO] PluginManage:310 - Check plugin tools
2025-01-12 01:18:28,994 [WARN] IntegrityCheckThread:84 - waiting for thirdparty lock release [integrity check]
2025-01-12 01:18:28,995 [INFO] IntegrityCheckThread:86 - entering critical section [integrity check]
2025-01-12 01:18:28,995 [INFO] ThirdPartyUpdaterWithRetryManager:70 - Updater plugin not ready yet. [1/15]
2025-01-12 01:18:28,997 [INFO] PluginManage:359 - Loaded plugin tools (category:base,tabindex:7)
2025-01-12 01:18:28,997 [INFO] PluginManage:310 - Check plugin tutovideos
2025-01-12 01:18:29,157 [INFO] PluginManage:359 - Loaded plugin tutovideos (category:base,tabindex:-1)
2025-01-12 01:18:29,157 [INFO] PluginManage:310 - Check plugin updater
2025-01-12 01:18:29,174 [INFO] PluginManage:359 - Loaded plugin updater (category:base,tabindex:12)
2025-01-12 01:18:29,174 [INFO] PluginManage:310 - Check plugin userauth
2025-01-12 01:18:29,180 [INFO] UserAuth:113 - Init User Auth plugin
2025-01-12 01:18:29,181 [INFO] PluginManage:359 - Loaded plugin userauth (category:base,tabindex:14)
2025-01-12 01:18:29,181 [INFO] PluginManage:283 - PluginManage : Loaded plugins [18]
2025-01-12 01:18:29,387 [INFO] PinOutPanel:1561 - setPackage(No Configuration,No Configuration)
2025-01-12 01:18:29,485 [INFO] CADModel:165 - CPN selected for project level
2025-01-12 01:18:29,485 [INFO] CADModel:114 - Register for checkConnection events
2025-01-12 01:18:29,502 [INFO] IPUIPlugin:80 - create IPUIPlugin
2025-01-12 01:18:29,502 [INFO] PluginManager:220 - loadIPPluginJar : add adc
2025-01-12 01:18:29,505 [INFO] IPUIPlugin:80 - create IPUIPlugin
2025-01-12 01:18:29,505 [INFO] PluginManager:220 - loadIPPluginJar : add aes
2025-01-12 01:18:29,508 [INFO] IPUIPlugin:80 - create IPUIPlugin
2025-01-12 01:18:29,509 [INFO] PluginManager:220 - loadIPPluginJar : add can
2025-01-12 01:18:29,511 [INFO] IPUIPlugin:80 - create IPUIPlugin
2025-01-12 01:18:29,512 [INFO] PluginManager:220 - loadIPPluginJar : add comp
2025-01-12 01:18:29,513 [INFO] IPUIPlugin:80 - create IPUIPlugin
2025-01-12 01:18:29,514 [INFO] PluginManager:220 - loadIPPluginJar : add cryp
2025-01-12 01:18:29,515 [INFO] IPUIPlugin:80 - create IPUIPlugin
2025-01-12 01:18:29,515 [INFO] PluginManager:220 - loadIPPluginJar : add ddr_ctrl_phy
2025-01-12 01:18:29,518 [INFO] IPUIPlugin:80 - create IPUIPlugin
2025-01-12 01:18:29,518 [INFO] PluginManager:220 - loadIPPluginJar : add dfsdm
2025-01-12 01:18:29,522 [INFO] IPUIPlugin:80 - create IPUIPlugin
2025-01-12 01:18:29,522 [INFO] PluginManager:220 - loadIPPluginJar : add dma
2025-01-12 01:18:29,525 [INFO] IPUIPlugin:80 - create IPUIPlugin
2025-01-12 01:18:29,525 [INFO] PluginManager:220 - loadIPPluginJar : add dma3
2025-01-12 01:18:29,529 [INFO] IPUIPlugin:80 - create IPUIPlugin
2025-01-12 01:18:29,529 [INFO] PluginManager:220 - loadIPPluginJar : add extmemmanager
2025-01-12 01:18:29,530 [INFO] IPUIPlugin:80 - create IPUIPlugin
2025-01-12 01:18:29,531 [INFO] PluginManager:220 - loadIPPluginJar : add fatfs
2025-01-12 01:18:29,536 [INFO] IPUIPlugin:80 - create IPUIPlugin
2025-01-12 01:18:29,536 [INFO] PluginManager:220 - loadIPPluginJar : add fmc
2025-01-12 01:18:29,540 [INFO] IPUIPlugin:80 - create IPUIPlugin
2025-01-12 01:18:29,541 [INFO] PluginManager:220 - loadIPPluginJar : add freertos
2025-01-12 01:18:29,543 [INFO] IPUIPlugin:80 - create IPUIPlugin
2025-01-12 01:18:29,543 [INFO] PluginManager:220 - loadIPPluginJar : add genericplugin
2025-01-12 01:18:29,546 [INFO] IPUIPlugin:80 - create IPUIPlugin
2025-01-12 01:18:29,546 [INFO] PluginManager:220 - loadIPPluginJar : add gfxmmu
2025-01-12 01:18:29,550 [INFO] IPUIPlugin:80 - create IPUIPlugin
2025-01-12 01:18:29,550 [INFO] PluginManager:220 - loadIPPluginJar : add gic
2025-01-12 01:18:29,554 [INFO] IPUIPlugin:80 - create IPUIPlugin
2025-01-12 01:18:29,554 [INFO] PluginManager:220 - loadIPPluginJar : add gpio
2025-01-12 01:18:29,556 [INFO] IPUIPlugin:80 - create IPUIPlugin
2025-01-12 01:18:29,556 [INFO] PluginManager:220 - loadIPPluginJar : add gtzc
2025-01-12 01:18:29,558 [INFO] IPUIPlugin:80 - create IPUIPlugin
2025-01-12 01:18:29,559 [INFO] PluginManager:220 - loadIPPluginJar : add hash
2025-01-12 01:18:29,562 [INFO] IPUIPlugin:80 - create IPUIPlugin
2025-01-12 01:18:29,562 [INFO] PluginManager:220 - loadIPPluginJar : add i2c
2025-01-12 01:18:29,564 [INFO] IPUIPlugin:80 - create IPUIPlugin
2025-01-12 01:18:29,564 [INFO] PluginManager:220 - loadIPPluginJar : add i2s
2025-01-12 01:18:29,568 [INFO] IPUIPlugin:80 - create IPUIPlugin
2025-01-12 01:18:29,569 [INFO] PluginManager:220 - loadIPPluginJar : add i3c
2025-01-12 01:18:29,571 [INFO] IPUIPlugin:80 - create IPUIPlugin
2025-01-12 01:18:29,571 [INFO] PluginManager:220 - loadIPPluginJar : add ipddr
2025-01-12 01:18:29,578 [INFO] IPUIPlugin:80 - create IPUIPlugin
2025-01-12 01:18:29,579 [INFO] PluginManager:220 - loadIPPluginJar : add linkedlist
2025-01-12 01:18:29,581 [INFO] IPUIPlugin:80 - create IPUIPlugin
2025-01-12 01:18:29,582 [INFO] PluginManager:220 - loadIPPluginJar : add lorawan
2025-01-12 01:18:29,583 [INFO] IPUIPlugin:80 - create IPUIPlugin
2025-01-12 01:18:29,584 [INFO] PluginManager:220 - loadIPPluginJar : add ltdc
2025-01-12 01:18:29,590 [INFO] IPUIPlugin:80 - create IPUIPlugin
2025-01-12 01:18:29,590 [INFO] PluginManager:220 - loadIPPluginJar : add mdma
2025-01-12 01:18:29,596 [INFO] IPUIPlugin:80 - create IPUIPlugin
2025-01-12 01:18:29,596 [INFO] PluginManager:220 - loadIPPluginJar : add nvic
2025-01-12 01:18:29,599 [INFO] IPUIPlugin:80 - create IPUIPlugin
2025-01-12 01:18:29,599 [INFO] PluginManager:220 - loadIPPluginJar : add opamp
2025-01-12 01:18:29,603 [INFO] IPUIPlugin:80 - create IPUIPlugin
2025-01-12 01:18:29,604 [INFO] PluginManager:220 - loadIPPluginJar : add openamp
2025-01-12 01:18:29,606 [INFO] IPUIPlugin:80 - create IPUIPlugin
2025-01-12 01:18:29,606 [INFO] PluginManager:220 - loadIPPluginJar : add pdm2pcm
2025-01-12 01:18:29,613 [INFO] IPUIPlugin:80 - create IPUIPlugin
2025-01-12 01:18:29,615 [INFO] PluginManager:220 - loadIPPluginJar : add plateformsettings
2025-01-12 01:18:29,618 [INFO] IPUIPlugin:80 - create IPUIPlugin
2025-01-12 01:18:29,618 [INFO] PluginManager:220 - loadIPPluginJar : add quadspi
2025-01-12 01:18:29,620 [INFO] IPUIPlugin:80 - create IPUIPlugin
2025-01-12 01:18:29,620 [INFO] PluginManager:220 - loadIPPluginJar : add radio
2025-01-12 01:18:29,622 [INFO] IPUIPlugin:80 - create IPUIPlugin
2025-01-12 01:18:29,623 [INFO] PluginManager:220 - loadIPPluginJar : add resmgrutility
2025-01-12 01:18:29,627 [INFO] IPUIPlugin:80 - create IPUIPlugin
2025-01-12 01:18:29,627 [INFO] PluginManager:220 - loadIPPluginJar : add sai
2025-01-12 01:18:29,629 [INFO] IPUIPlugin:80 - create IPUIPlugin
2025-01-12 01:18:29,630 [INFO] PluginManager:220 - loadIPPluginJar : add spi
2025-01-12 01:18:29,635 [INFO] IPUIPlugin:80 - create IPUIPlugin
2025-01-12 01:18:29,635 [INFO] PluginManager:220 - loadIPPluginJar : add stm32_wpan
2025-01-12 01:18:29,636 [INFO] IPUIPlugin:80 - create IPUIPlugin
2025-01-12 01:18:29,636 [INFO] PluginManager:220 - loadIPPluginJar : add tim
2025-01-12 01:18:29,639 [INFO] IPUIPlugin:80 - create IPUIPlugin
2025-01-12 01:18:29,639 [INFO] PluginManager:220 - loadIPPluginJar : add touchsensing
2025-01-12 01:18:29,641 [INFO] IPUIPlugin:80 - create IPUIPlugin
2025-01-12 01:18:29,641 [INFO] PluginManager:220 - loadIPPluginJar : add tracer_emb
2025-01-12 01:18:29,644 [INFO] IPUIPlugin:80 - create IPUIPlugin
2025-01-12 01:18:29,644 [INFO] PluginManager:220 - loadIPPluginJar : add ts
2025-01-12 01:18:29,646 [INFO] IPUIPlugin:80 - create IPUIPlugin
2025-01-12 01:18:29,646 [INFO] PluginManager:220 - loadIPPluginJar : add tsc
2025-01-12 01:18:29,647 [INFO] IPUIPlugin:80 - create IPUIPlugin
2025-01-12 01:18:29,648 [INFO] PluginManager:220 - loadIPPluginJar : add ucpd
2025-01-12 01:18:29,650 [INFO] IPUIPlugin:80 - create IPUIPlugin
2025-01-12 01:18:29,651 [INFO] PluginManager:220 - loadIPPluginJar : add usart
2025-01-12 01:18:29,654 [INFO] IPUIPlugin:80 - create IPUIPlugin
2025-01-12 01:18:29,654 [INFO] PluginManager:220 - loadIPPluginJar : add usbx
2025-01-12 01:18:29,784 [INFO] CADModel:165 - CPN selected for project level
2025-01-12 01:18:29,784 [INFO] CADModel:114 - Register for checkConnection events
2025-01-12 01:18:29,785 [FATAL] Updater:334 - Updater called before beeing initialized
2025-01-12 01:18:29,785 [ERROR] CADModel:125 - Updater not yet initialized, retry later 
2025-01-12 01:18:29,898 [INFO] CADModel:165 - CPN selected for project level
2025-01-12 01:18:29,898 [INFO] CADModel:114 - Register for checkConnection events
2025-01-12 01:18:29,898 [FATAL] Updater:334 - Updater called before beeing initialized
2025-01-12 01:18:29,898 [ERROR] CADModel:125 - Updater not yet initialized, retry later 
2025-01-12 01:18:29,902 [FATAL] Updater:334 - Updater called before beeing initialized
2025-01-12 01:18:30,030 [FATAL] Updater:334 - Updater called before beeing initialized
2025-01-12 01:18:30,036 [INFO] DbMcusAds:53 - JSON generation date=Tue Dec 17 17:01:15 CET 2024 (1734451275222)
2025-01-12 01:18:30,036 [FATAL] Updater:334 - Updater called before beeing initialized
2025-01-12 01:18:30,070 [WARN] DetailPanel:346 - Failed to get advertising image, set to default
2025-01-12 01:18:30,156 [FATAL] Updater:334 - Updater called before beeing initialized
2025-01-12 01:18:30,157 [FATAL] Updater:334 - Updater called before beeing initialized
2025-01-12 01:18:30,157 [FATAL] Updater:334 - Updater called before beeing initialized
2025-01-12 01:18:30,157 [WARN] DetailPanel:346 - Failed to get advertising image, set to default
2025-01-12 01:18:30,159 [FATAL] Updater:334 - Updater called before beeing initialized
2025-01-12 01:18:30,215 [ERROR] Updater:1164 - MainUpdater not yet initialized. External WinMGr cannot be set.
2025-01-12 01:18:30,218 [INFO] Updater:1100 - Updater Version found : 6.12.0
2025-01-12 01:18:30,236 [INFO] ApplicationProperties:184 - Using Application install path: C:\ST\STM32CubeIDE_1.16.0\STM32CubeIDE\plugins\com.st.stm32cube.common.mx_6.12.0.202406281431
2025-01-12 01:18:31,806 [ERROR] LogOutputStream:75 - [STDERR_REDIRECT] Jan 12, 2025 1:18:31 AM java.util.prefs.WindowsPreferences <init>
2025-01-12 01:18:31,809 [ERROR] LogOutputStream:75 - [STDERR_REDIRECT] WARNING: Could not open/create prefs root node Software\JavaSoft\Prefs at root 0xffffffff80000002. Windows RegCreateKeyEx(...) returned error code 5.
2025-01-12 01:18:31,809 [ERROR] LogOutputStream:75 - [STDERR_REDIRECT] 
2025-01-12 01:18:31,996 [INFO] ThirdPartyUpdaterWithRetryManager:70 - Updater plugin not ready yet. [2/15]
2025-01-12 01:18:32,129 [INFO] MainUpdater:2873 - connection check result : 10
2025-01-12 01:18:32,130 [INFO] MainUpdater:290 - Updater Check For Update Now.
2025-01-12 01:18:32,131 [INFO] MicroXplorer:498 - Change Database Version : DB.6.0.120
2025-01-12 01:18:32,139 [INFO] McuFinderGlobals:63 - Set McuFinder mode to 2 (CubeIDE integrated)
2025-01-12 01:18:32,141 [INFO] UserAuth:417 - Internet connection configuration mode: 1
2025-01-12 01:18:32,173 [INFO] JxBrowserEngine:152 - Initiate JxBrowser Engine with user profile folder
2025-01-12 01:18:32,396 [INFO] CheckServerUpdateThread:120 - End of CheckServer Thread
2025-01-12 01:18:33,086 [INFO] WebApp:167 - Instantiating new browser for Auth
2025-01-12 01:18:34,716 [INFO] WebApp:448 - Apply proxy settings
2025-01-12 01:18:34,717 [INFO] WebApp:533 - Chromium requires no authentication
2025-01-12 01:18:34,728 [INFO] WebApp:476 - Direct internet connection detected
2025-01-12 01:18:34,765 [INFO] WebApp:869 - Register for checkConnection events
2025-01-12 01:18:34,766 [INFO] WebApp:448 - Apply proxy settings
2025-01-12 01:18:34,766 [INFO] WebApp:533 - Chromium requires no authentication
2025-01-12 01:18:34,768 [INFO] WebApp:476 - Direct internet connection detected
2025-01-12 01:18:35,037 [INFO] WebApp:220 - Starting web application
2025-01-12 01:18:35,037 [INFO] WebApp:578 - Web application path used C:\ST\STM32CubeIDE_1.16.0\STM32CubeIDE\plugins\com.st.stm32cube.common.mx_6.12.0.202406281431\db\plugins\mcufinder\reactClient1\index.html
2025-01-12 01:18:35,225 [INFO] UserAuth:417 - Internet connection configuration mode: 1
2025-01-12 01:18:35,426 [WARN] PackLoader:240 - Cannot read IP mode file for STMicroelectronics.FP-SNS-MOTENVWB1.1.4.0
2025-01-12 01:18:35,441 [WARN] PackLoader:240 - Cannot read IP mode file for STMicroelectronics.FP-ATR-ASTRA1.2.0.1
2025-01-12 01:18:35,452 [WARN] PackLoader:240 - Cannot read IP mode file for STMicroelectronics.X-CUBE-SMBUS.2.1.0
2025-01-12 01:18:35,464 [WARN] PackLoader:240 - Cannot read IP mode file for STMicroelectronics.X-CUBE-WB05N.1.1.0
2025-01-12 01:18:35,519 [WARN] PackLoader:240 - Cannot read IP mode file for STMicroelectronics.X-CUBE-AZRTOS-F7.1.1.0
2025-01-12 01:18:35,636 [WARN] PackLoader:240 - Cannot read IP mode file for STMicroelectronics.X-CUBE-MEMS1.11.0.0
2025-01-12 01:18:35,824 [INFO] WebApp:186 - Connection restablished
2025-01-12 01:18:35,929 [WARN] PackLoader:240 - Cannot read IP mode file for STMicroelectronics.FP-SNS-FLIGHT1.5.0.2
2025-01-12 01:18:35,944 [WARN] PackLoader:240 - Cannot read IP mode file for STMicroelectronics.X-CUBE-DISPLAY.3.0.0
2025-01-12 01:18:35,956 [WARN] PackLoader:240 - Cannot read IP mode file for STMicroelectronics.X-CUBE-BLE1.7.0.0
2025-01-12 01:18:35,968 [WARN] PackLoader:240 - Cannot read IP mode file for STMicroelectronics.X-CUBE-NFC10.1.0.0
2025-01-12 01:18:35,984 [WARN] PackLoader:240 - Cannot read IP mode file for STMicroelectronics.X-CUBE-BLEMGR.4.0.0
2025-01-12 01:18:35,996 [WARN] PackLoader:240 - Cannot read IP mode file for emotas.I-CUBE-CANOPEN.1.3.0
2025-01-12 01:18:36,009 [WARN] PackLoader:240 - Cannot read IP mode file for STMicroelectronics.X-CUBE-BLEMGR.3.1.0
2025-01-12 01:18:36,021 [WARN] PackLoader:240 - Cannot read IP mode file for STMicroelectronics.FP-SNS-SMARTAG2.1.2.0
2025-01-12 01:18:36,126 [WARN] PackLoader:240 - Cannot read IP mode file for STMicroelectronics.X-CUBE-MEMS1.11.1.0
2025-01-12 01:18:36,353 [INFO] LogOutputStream:77 - [STDOUT_REDIRECT] 1 : Invalid condition id : UX_CORESTACK_Condition cause : null
2025-01-12 01:18:36,354 [INFO] LogOutputStream:77 - [STDOUT_REDIRECT] 1 : Invalid condition id : UX_CORESTACK_Condition cause : null
2025-01-12 01:18:36,358 [INFO] LogOutputStream:77 - [STDOUT_REDIRECT] 1 : Invalid condition id : UX_CORESTACK_Condition cause : null
2025-01-12 01:18:36,360 [INFO] LogOutputStream:77 - [STDOUT_REDIRECT] 1 : Invalid condition id : UX_CORESTACK_Condition cause : null
2025-01-12 01:18:36,362 [INFO] LogOutputStream:77 - [STDOUT_REDIRECT] 1 : Invalid condition id : UX_CORESTACK_Condition cause : null
2025-01-12 01:18:36,367 [WARN] PackLoader:240 - Cannot read IP mode file for STMicroelectronics.X-CUBE-AZRTOS-WL.2.0.0
2025-01-12 01:18:36,377 [WARN] PackLoader:240 - Cannot read IP mode file for STMicroelectronics.FP-SNS-MOTENV1.5.0.0
2025-01-12 01:18:36,386 [WARN] PackLoader:240 - Cannot read IP mode file for wolfSSL.I-CUBE-wolfMQTT.1.19.0
2025-01-12 01:18:36,398 [WARN] PackLoader:240 - Cannot read IP mode file for WES.I-CUBE-Cesium.1.3.0
2025-01-12 01:18:36,407 [WARN] PackLoader:240 - Cannot read IP mode file for STMicroelectronics.X-CUBE-BLE2.3.3.0
2025-01-12 01:18:36,416 [WARN] PackLoader:240 - Cannot read IP mode file for STMicroelectronics.X-CUBE-NFC9.1.0.0
2025-01-12 01:18:36,426 [WARN] PackLoader:240 - Cannot read IP mode file for STMicroelectronics.X-CUBE-TCPP.4.1.0
2025-01-12 01:18:36,454 [WARN] PackLoader:240 - Cannot read IP mode file for STMicroelectronics.X-CUBE-AZRTOS-G0.1.1.0
2025-01-12 01:18:36,466 [WARN] PackLoader:240 - Cannot read IP mode file for STMicroelectronics.X-CUBE-SAFEA1.1.2.2
2025-01-12 01:18:36,475 [WARN] PackLoader:240 - Cannot read IP mode file for STMicroelectronics.X-CUBE-NFC4.3.0.0
2025-01-12 01:18:36,490 [WARN] PackLoader:240 - Cannot read IP mode file for EmbeddedOffice.I-CUBE-FS-RTOS.1.0.1
2025-01-12 01:18:36,491 [ERROR] ConditionMgr:805 - Attr not supported : Dmpu
2025-01-12 01:18:36,492 [ERROR] ConditionMgr:805 - Attr not supported : Dmpu
2025-01-12 01:18:36,492 [ERROR] ConditionMgr:805 - Attr not supported : Dmpu
2025-01-12 01:18:36,492 [ERROR] ConditionMgr:805 - Attr not supported : Dmpu
2025-01-12 01:18:36,493 [ERROR] ConditionMgr:805 - Attr not supported : Dmpu
2025-01-12 01:18:36,493 [ERROR] ConditionMgr:805 - Attr not supported : Dmpu
2025-01-12 01:18:36,493 [ERROR] ConditionMgr:805 - Attr not supported : Dmpu
2025-01-12 01:18:36,493 [ERROR] ConditionMgr:805 - Attr not supported : Dmpu
2025-01-12 01:18:36,493 [ERROR] ConditionMgr:805 - Attr not supported : Dmpu
2025-01-12 01:18:36,493 [ERROR] ConditionMgr:805 - Attr not supported : Dmpu
2025-01-12 01:18:36,493 [ERROR] ConditionMgr:805 - Attr not supported : Dmpu
2025-01-12 01:18:36,493 [ERROR] ConditionMgr:805 - Attr not supported : Dmpu
2025-01-12 01:18:36,494 [ERROR] ConditionMgr:805 - Attr not supported : Dmpu
2025-01-12 01:18:36,494 [ERROR] ConditionMgr:805 - Attr not supported : Dmpu
2025-01-12 01:18:36,494 [ERROR] ConditionMgr:805 - Attr not supported : Dmpu
2025-01-12 01:18:36,494 [ERROR] ConditionMgr:805 - Attr not supported : Dmpu
2025-01-12 01:18:36,494 [ERROR] ConditionMgr:805 - Attr not supported : Dmpu
2025-01-12 01:18:36,494 [ERROR] ConditionMgr:805 - Attr not supported : Dmpu
2025-01-12 01:18:36,494 [ERROR] ConditionMgr:805 - Attr not supported : Dmpu
2025-01-12 01:18:36,494 [ERROR] ConditionMgr:805 - Attr not supported : Dmpu
2025-01-12 01:18:36,494 [ERROR] ConditionMgr:805 - Attr not supported : Dmpu
2025-01-12 01:18:36,494 [ERROR] ConditionMgr:805 - Attr not supported : Dmpu
2025-01-12 01:18:36,494 [ERROR] ConditionMgr:805 - Attr not supported : Dmpu
2025-01-12 01:18:36,494 [ERROR] ConditionMgr:805 - Attr not supported : Dmpu
2025-01-12 01:18:36,495 [ERROR] ConditionMgr:805 - Attr not supported : Dmpu
2025-01-12 01:18:36,495 [ERROR] ConditionMgr:805 - Attr not supported : Dmpu
2025-01-12 01:18:36,495 [ERROR] ConditionMgr:805 - Attr not supported : Dmpu
2025-01-12 01:18:36,495 [ERROR] ConditionMgr:805 - Attr not supported : Dmpu
2025-01-12 01:18:36,495 [ERROR] ConditionMgr:805 - Attr not supported : Dmpu
2025-01-12 01:18:36,495 [ERROR] ConditionMgr:805 - Attr not supported : Dmpu
2025-01-12 01:18:36,495 [ERROR] ConditionMgr:805 - Attr not supported : Dmpu
2025-01-12 01:18:36,495 [ERROR] ConditionMgr:805 - Attr not supported : Dmpu
2025-01-12 01:18:36,495 [ERROR] ConditionMgr:805 - Attr not supported : Dmpu
2025-01-12 01:18:36,495 [ERROR] ConditionMgr:805 - Attr not supported : Dmpu
2025-01-12 01:18:36,495 [ERROR] ConditionMgr:805 - Attr not supported : Dmpu
2025-01-12 01:18:36,495 [ERROR] ConditionMgr:805 - Attr not supported : Dmpu
2025-01-12 01:18:36,496 [ERROR] ConditionMgr:805 - Attr not supported : Dmpu
2025-01-12 01:18:36,496 [ERROR] ConditionMgr:805 - Attr not supported : Dmpu
2025-01-12 01:18:36,496 [ERROR] ConditionMgr:805 - Attr not supported : Dmpu
2025-01-12 01:18:36,496 [ERROR] ConditionMgr:805 - Attr not supported : Dmpu
2025-01-12 01:18:36,496 [ERROR] ConditionMgr:805 - Attr not supported : Dmpu
2025-01-12 01:18:36,496 [ERROR] ConditionMgr:805 - Attr not supported : Dmpu
2025-01-12 01:18:36,496 [ERROR] ConditionMgr:805 - Attr not supported : Dmpu
2025-01-12 01:18:36,496 [ERROR] ConditionMgr:805 - Attr not supported : Dmpu
2025-01-12 01:18:36,496 [ERROR] ConditionMgr:805 - Attr not supported : Dmpu
2025-01-12 01:18:36,496 [ERROR] ConditionMgr:805 - Attr not supported : Dmpu
2025-01-12 01:18:36,496 [ERROR] ConditionMgr:805 - Attr not supported : Dmpu
2025-01-12 01:18:36,496 [ERROR] ConditionMgr:805 - Attr not supported : Dmpu
2025-01-12 01:18:36,497 [ERROR] ConditionMgr:805 - Attr not supported : Dmpu
2025-01-12 01:18:36,497 [ERROR] ConditionMgr:805 - Attr not supported : Dmpu
2025-01-12 01:18:36,497 [ERROR] ConditionMgr:805 - Attr not supported : Dmpu
2025-01-12 01:18:36,497 [ERROR] ConditionMgr:805 - Attr not supported : Dmpu
2025-01-12 01:18:36,497 [ERROR] ConditionMgr:805 - Attr not supported : Dmpu
2025-01-12 01:18:36,497 [ERROR] ConditionMgr:805 - Attr not supported : Dmpu
2025-01-12 01:18:36,497 [ERROR] ConditionMgr:805 - Attr not supported : Dmpu
2025-01-12 01:18:36,497 [ERROR] ConditionMgr:805 - Attr not supported : Dmpu
2025-01-12 01:18:36,497 [ERROR] ConditionMgr:805 - Attr not supported : Dmpu
2025-01-12 01:18:36,497 [ERROR] ConditionMgr:805 - Attr not supported : Dmpu
2025-01-12 01:18:36,497 [ERROR] ConditionMgr:805 - Attr not supported : Dmpu
2025-01-12 01:18:36,497 [ERROR] ConditionMgr:805 - Attr not supported : Dmpu
2025-01-12 01:18:36,498 [ERROR] ConditionMgr:805 - Attr not supported : Dmpu
2025-01-12 01:18:36,498 [ERROR] ConditionMgr:805 - Attr not supported : Dmpu
2025-01-12 01:18:36,498 [ERROR] ConditionMgr:805 - Attr not supported : Dmpu
2025-01-12 01:18:36,498 [ERROR] ConditionMgr:805 - Attr not supported : Dmpu
2025-01-12 01:18:36,504 [ERROR] Engine:466 - C:\Users\nclsr\.stm32cubemx\thirdparties\pdsc\STMicroelectronics.X-CUBE-TCPP.4.2.0.pdsc: PDSC version is not supported
2025-01-12 01:18:36,511 [WARN] PackLoader:240 - Cannot read IP mode file for RealThread.X-CUBE-RT-Thread_Nano.4.1.1
2025-01-12 01:18:36,517 [WARN] PackLoader:240 - Cannot read IP mode file for STMicroelectronics.FP-ATR-SIGFOX1.3.2.0
2025-01-12 01:18:36,523 [WARN] PackLoader:240 - Cannot read IP mode file for wolfSSL.I-CUBE-wolfSSL.5.7.2
2025-01-12 01:18:36,529 [WARN] ConditionMgr:438 - getConditionDescription Invalid condition id : Cortex-A Device cause : null
2025-01-12 01:18:36,568 [WARN] ConditionMgr:1039 - genDependencies : Invalid condition id : Cortex-A Device cause : null
2025-01-12 01:18:36,569 [WARN] ConditionMgr:1039 - genDependencies : Invalid condition id : Cortex-A Device cause : null
2025-01-12 01:18:36,569 [WARN] ConditionMgr:1039 - genDependencies : Invalid condition id : Cortex-A Device cause : null
2025-01-12 01:18:36,577 [WARN] PackLoader:240 - Cannot read IP mode file for STMicroelectronics.X-CUBE-EEPRMA1.5.1.0
2025-01-12 01:18:36,597 [WARN] PackLoader:240 - Cannot read IP mode file for ITTIA_DB.I-CUBE-ITTIADB.8.9.0
2025-01-12 01:18:36,643 [WARN] PackLoader:240 - Cannot read IP mode file for SEGGER.I-CUBE-embOS.1.3.1
2025-01-12 01:18:36,726 [WARN] PackLoader:240 - Cannot read IP mode file for STMicroelectronics.X-CUBE-ALGOBUILD.1.4.0
2025-01-12 01:18:36,733 [WARN] PackLoader:240 - Cannot read IP mode file for STMicroelectronics.X-CUBE-AI.9.1.0
2025-01-12 01:18:36,742 [WARN] PackLoader:240 - Cannot read IP mode file for STMicroelectronics.X-CUBE-GNSS1.6.0.0
2025-01-12 01:18:36,768 [WARN] PackLoader:240 - Cannot read IP mode file for STMicroelectronics.X-CUBE-AZRTOS-F4.1.1.0
2025-01-12 01:18:36,778 [WARN] PackLoader:240 - Cannot read IP mode file for STMicroelectronics.X-CUBE-ISPU.2.1.0
2025-01-12 01:18:36,786 [WARN] PackLoader:240 - Cannot read IP mode file for STMicroelectronics.X-CUBE-FREERTOS.1.2.0
2025-01-12 01:18:36,829 [WARN] PackLoader:240 - Cannot read IP mode file for STMicroelectronics.X-CUBE-AZRTOS-L5.2.0.0
2025-01-12 01:18:36,843 [WARN] PackLoader:240 - Cannot read IP mode file for STMicroelectronics.X-CUBE-NFC6.3.1.0
2025-01-12 01:18:36,854 [WARN] PackLoader:240 - Cannot read IP mode file for STMicroelectronics.X-CUBE-DPower.1.2.0
2025-01-12 01:18:36,861 [WARN] PackLoader:240 - Cannot read IP mode file for STMicroelectronics.X-CUBE-AI.9.0.0
2025-01-12 01:18:36,868 [WARN] PackLoader:240 - Cannot read IP mode file for STMicroelectronics.X-CUBE-FREERTOS.1.3.0
2025-01-12 01:18:36,876 [WARN] PackLoader:240 - Cannot read IP mode file for STMicroelectronics.X-CUBE-NFC7.1.0.1
2025-01-12 01:18:36,900 [WARN] ConditionMgr:438 - getConditionDescription Invalid condition id : LAN8742 Phy interface Condition cause : null
2025-01-12 01:18:36,901 [WARN] PackLoader:240 - Cannot read IP mode file for STMicroelectronics.X-CUBE-AZRTOS-L4.2.0.0
2025-01-12 01:18:36,903 [WARN] ConditionMgr:1039 - genDependencies : Invalid condition id : LAN8742 Phy interface Condition cause : null
2025-01-12 01:18:36,904 [WARN] ConditionMgr:1039 - genDependencies : Invalid condition id : LAN8742 Phy interface Condition cause : null
2025-01-12 01:18:36,904 [WARN] ConditionMgr:1039 - genDependencies : Invalid condition id : LAN8742 Phy interface Condition cause : null
2025-01-12 01:18:36,916 [WARN] PackLoader:240 - Cannot read IP mode file for STMicroelectronics.X-CUBE-SFXS2LP1.4.0.0
2025-01-12 01:18:36,962 [WARN] PackLoader:240 - Cannot read IP mode file for STMicroelectronics.X-CUBE-AZRTOS-H7.3.3.0
2025-01-12 01:18:36,985 [WARN] ConditionMgr:438 - getConditionDescription Invalid condition id : UX DEVICE CLASS RTOS Condition cause : null
2025-01-12 01:18:36,985 [WARN] ConditionMgr:438 - getConditionDescription Invalid condition id : UX DEVICE CLASS RTOS Condition cause : null
2025-01-12 01:18:36,989 [WARN] PackLoader:240 - Cannot read IP mode file for STMicroelectronics.X-CUBE-AZRTOS-WB.2.0.0
2025-01-12 01:18:36,990 [WARN] ConditionMgr:1039 - genDependencies : Invalid condition id : UX DEVICE CLASS RTOS Condition cause : null
2025-01-12 01:18:36,990 [WARN] ConditionMgr:1039 - genDependencies : Invalid condition id : UX DEVICE CLASS RTOS Condition cause : null
2025-01-12 01:18:36,991 [WARN] ConditionMgr:1039 - genDependencies : Invalid condition id : UX DEVICE CLASS RTOS Condition cause : null
2025-01-12 01:18:36,991 [WARN] ConditionMgr:1039 - genDependencies : Invalid condition id : UX DEVICE CLASS RTOS Condition cause : null
2025-01-12 01:18:36,991 [WARN] ConditionMgr:1039 - genDependencies : Invalid condition id : UX DEVICE CLASS RTOS Condition cause : null
2025-01-12 01:18:36,998 [WARN] PackLoader:240 - Cannot read IP mode file for STMicroelectronics.X-CUBE-GNSS1.7.0.0
2025-01-12 01:18:37,006 [WARN] PackLoader:240 - Cannot read IP mode file for STMicroelectronics.X-CUBE-GNSS1.7.0.1
2025-01-12 01:18:37,017 [WARN] PackLoader:240 - Cannot read IP mode file for STMicroelectronics.FP-SNS-STBOX1.2.0.0
2025-01-12 01:18:37,037 [WARN] PackLoader:240 - Cannot read IP mode file for STMicroelectronics.X-CUBE-SUBG2.5.0.0
2025-01-12 01:18:37,059 [WARN] PackLoader:240 - Cannot read IP mode file for Cesanta.I-CUBE-Mongoose.7.13.0
2025-01-12 01:18:37,086 [WARN] PackLoader:240 - Cannot read IP mode file for STMicroelectronics.X-CUBE-AZRTOS-G4.2.0.0
2025-01-12 01:18:37,096 [WARN] PackLoader:240 - Cannot read IP mode file for STMicroelectronics.X-CUBE-ISPU.2.0.0
2025-01-12 01:18:37,103 [ERROR] Engine:466 - C:\Users\nclsr\.stm32cubemx\thirdparties\pdsc\STMicroelectronics.X-CUBE-IPS.3.1.0.pdsc: PDSC version is not supported
2025-01-12 01:18:37,108 [WARN] PackLoader:240 - Cannot read IP mode file for STMicroelectronics.X-CUBE-ALS.1.0.2
2025-01-12 01:18:37,116 [WARN] PackLoader:240 - Cannot read IP mode file for STMicroelectronics.X-CUBE-TOUCHGFX.4.24.0
2025-01-12 01:18:37,120 [WARN] PackLoader:240 - Cannot read IP mode file for STMicroelectronics.X-CUBE-TOUCHGFX.4.24.2
2025-01-12 01:18:37,125 [WARN] PackLoader:240 - Cannot read IP mode file for wolfSSL.I-CUBE-wolfTPM.3.4.0
2025-01-12 01:18:37,133 [WARN] PackLoader:240 - Cannot read IP mode file for portGmbH.I-Cube-SoM-uGOAL.1.1.0
2025-01-12 01:18:37,175 [WARN] PackLoader:240 - Cannot read IP mode file for STMicroelectronics.X-CUBE-AZRTOS-H7RS.1.0.0
2025-01-12 01:18:37,184 [WARN] PackLoader:240 - Cannot read IP mode file for STMicroelectronics.FP-ATR-ASTRA1.2.0.0
2025-01-12 01:18:37,198 [WARN] PackLoader:240 - Cannot read IP mode file for STMicroelectronics.X-CUBE-TOF1.3.4.2
2025-01-12 01:18:37,238 [WARN] PackLoader:240 - Cannot read IP mode file for Infineon.AIROC-Wi-Fi-Bluetooth-STM32.1.6.1
2025-01-12 01:18:37,249 [WARN] PackLoader:240 - Cannot read IP mode file for wolfSSL.I-CUBE-wolfSSH.1.4.17
2025-01-12 01:18:37,250 [INFO] ThirdParty:978 - Integrity check success = true
2025-01-12 01:18:37,250 [INFO] IntegrityCheckThread:100 - exiting critical section [integrity check]
2025-01-12 01:18:37,250 [INFO] IntegrityCheckThread:103 - End integrity checks thread
2025-01-12 01:19:15,823 [ERROR] LogOutputStream:75 - [STDERR_REDIRECT] 
2025-01-12 01:19:15,824 [ERROR] LogOutputStream:75 - [STDERR_REDIRECT] 
2025-01-12 01:19:42,262 [INFO] Activator:176 - 


2025-01-12 01:19:42,264 [INFO] Activator:177 - !SESSION log4j initialized
2025-01-12 01:19:45,594 [INFO] LogOutputStream:77 - [STDOUT_REDIRECT] 
2025-01-12 01:20:00,007 [INFO] ApplicationProperties:184 - Using Application install path: C:\ST\STM32CubeIDE_1.16.0\STM32CubeIDE\plugins\com.st.stm32cube.common.mx_6.12.0.202406281431
2025-01-12 01:20:00,028 [INFO] DbMcusXml:78 - Set database path to: C:\ST\STM32CubeIDE_1.16.0\STM32CubeIDE\plugins\com.st.stm32cube.common.mx_6.12.0.202406281431\\db\/mcu/
2025-01-12 01:20:00,028 [INFO] ApiDb:274 - Set plugin database path to: C:\ST\STM32CubeIDE_1.16.0\STM32CubeIDE\plugins\com.st.stm32cube.common.mx_6.12.0.202406281431\\db\/plugins/boardmanager/
2025-01-12 01:20:00,028 [WARN] ApiDb:259 - Overriding images path with different value:  => C:\ST\STM32CubeIDE_1.16.0\STM32CubeIDE\plugins\com.st.stm32cube.common.mx_6.12.0.202406281431\\db\/plugins/mcufinder/images/
2025-01-12 01:20:00,035 [INFO] ApiDb:250 - Set database path to: C:\Users\nclsr\.stmcufinder\plugins\mcufinder//mcu/
2025-01-12 01:20:00,036 [INFO] DbMcusAds:125 - Set database path to: C:\Users\nclsr\.stmcufinder\plugins\mcufinder//mcu/
2025-01-12 01:20:00,075 [INFO] CrossReferenceDbSqlite:203 - Set database path to: C:\Users\nclsr\.stmcufinder\plugins\mcufinder//mcu/cs/
2025-01-12 01:20:00,184 [INFO] RulesReader:64 - Compatibility file has been processed (297 Rules)
2025-01-12 01:20:00,279 [INFO] DbMcusXml:78 - Set database path to: C:\ST\STM32CubeIDE_1.16.0\STM32CubeIDE\plugins\com.st.stm32cube.common.mx_6.12.0.202406281431\\db\/mcu/
2025-01-12 01:20:00,280 [INFO] ApiDb:274 - Set plugin database path to: C:\ST\STM32CubeIDE_1.16.0\STM32CubeIDE\plugins\com.st.stm32cube.common.mx_6.12.0.202406281431\\db\/plugins/boardmanager/
2025-01-12 01:20:00,280 [INFO] ApiDb:261 - Set plugin images path to: C:\ST\STM32CubeIDE_1.16.0\STM32CubeIDE\plugins\com.st.stm32cube.common.mx_6.12.0.202406281431\\db\/plugins/mcufinder/images/
2025-01-12 01:20:00,280 [WARN] DbFile:41 - Overriding database path with different value: C:\Users\nclsr\.stmcufinder\plugins\mcufinder/ => C:\Users\nclsr\.stmcufinder\plugins\mcufinder
2025-01-12 01:20:00,280 [INFO] ApiDb:250 - Set database path to: C:\Users\nclsr\.stmcufinder\plugins\mcufinder//mcu/
2025-01-12 01:20:00,280 [WARN] DbFile:41 - Overriding database path with different value: C:\Users\nclsr\.stmcufinder\plugins\mcufinder/ => C:\Users\nclsr\.stmcufinder\plugins\mcufinder
2025-01-12 01:20:00,280 [INFO] DbMcusAds:125 - Set database path to: C:\Users\nclsr\.stmcufinder\plugins\mcufinder//mcu/
2025-01-12 01:20:00,280 [WARN] DbFile:41 - Overriding database path with different value: C:\Users\nclsr\.stmcufinder\plugins\mcufinder/ => C:\Users\nclsr\.stmcufinder\plugins\mcufinder
2025-01-12 01:20:00,280 [WARN] DbFile:41 - Overriding database path with different value: C:\Users\nclsr\.stmcufinder\plugins\mcufinder/ => C:\Users\nclsr\.stmcufinder\plugins\mcufinder
2025-01-12 01:20:00,280 [INFO] CrossReferenceDbSqlite:203 - Set database path to: C:\Users\nclsr\.stmcufinder\plugins\mcufinder//mcu/cs/
2025-01-12 01:20:00,362 [INFO] MainPanel:268 - HeapMemory: 268435456
2025-01-12 01:20:00,461 [INFO] DbMcusXml:78 - Set database path to: C:\ST\STM32CubeIDE_1.16.0\STM32CubeIDE\plugins\com.st.stm32cube.common.mx_6.12.0.202406281431\\db\/mcu/
2025-01-12 01:20:00,461 [INFO] ApiDb:274 - Set plugin database path to: C:\ST\STM32CubeIDE_1.16.0\STM32CubeIDE\plugins\com.st.stm32cube.common.mx_6.12.0.202406281431\\db\/plugins/boardmanager/
2025-01-12 01:20:00,462 [INFO] ApiDb:261 - Set plugin images path to: C:\ST\STM32CubeIDE_1.16.0\STM32CubeIDE\plugins\com.st.stm32cube.common.mx_6.12.0.202406281431\\db\/plugins/mcufinder/images/
2025-01-12 01:20:00,462 [WARN] DbFile:41 - Overriding database path with different value: C:\Users\nclsr\.stmcufinder\plugins\mcufinder/ => C:\Users\nclsr\.stmcufinder\plugins\mcufinder
2025-01-12 01:20:00,463 [INFO] ApiDb:250 - Set database path to: C:\Users\nclsr\.stmcufinder\plugins\mcufinder//mcu/
2025-01-12 01:20:00,463 [WARN] DbFile:41 - Overriding database path with different value: C:\Users\nclsr\.stmcufinder\plugins\mcufinder/ => C:\Users\nclsr\.stmcufinder\plugins\mcufinder
2025-01-12 01:20:00,463 [INFO] DbMcusAds:125 - Set database path to: C:\Users\nclsr\.stmcufinder\plugins\mcufinder//mcu/
2025-01-12 01:20:00,463 [WARN] DbFile:41 - Overriding database path with different value: C:\Users\nclsr\.stmcufinder\plugins\mcufinder/ => C:\Users\nclsr\.stmcufinder\plugins\mcufinder
2025-01-12 01:20:00,463 [WARN] DbFile:41 - Overriding database path with different value: C:\Users\nclsr\.stmcufinder\plugins\mcufinder/ => C:\Users\nclsr\.stmcufinder\plugins\mcufinder
2025-01-12 01:20:00,463 [INFO] CrossReferenceDbSqlite:203 - Set database path to: C:\Users\nclsr\.stmcufinder\plugins\mcufinder//mcu/cs/
2025-01-12 01:20:00,479 [INFO] ApplicationProperties:184 - Using Application install path: C:\ST\STM32CubeIDE_1.16.0\STM32CubeIDE\plugins\com.st.stm32cube.common.mx_6.12.0.202406281431
2025-01-12 01:20:00,481 [INFO] PluginManage:196 - Search for loadable plugins [exclusion list=, ]
2025-01-12 01:20:00,482 [INFO] PluginManage:310 - Check plugin analytics
2025-01-12 01:20:05,286 [INFO] AnalyticsPlugin:253 - Accepted Software Licenses: 
2025-01-12 01:20:05,286 [INFO] AnalyticsPlugin:255 - Accepted CMSIS Pack Licenses: 
2025-01-12 01:20:05,287 [INFO] AnalyticsPlugin:257 - Accepted Firmware Licenses: FW.L4.1.18.0
2025-01-12 01:20:05,289 [INFO] PluginManage:359 - Loaded plugin analytics (category:tool,tabindex:-1)
2025-01-12 01:20:05,290 [INFO] PluginManage:310 - Check plugin cadmodel
2025-01-12 01:20:05,295 [INFO] CADModel:105 - Init CAD model plugin
2025-01-12 01:20:05,296 [INFO] PluginManage:359 - Loaded plugin cadmodel (category:power,tabindex:5)
2025-01-12 01:20:05,296 [INFO] PluginManage:310 - Check plugin clock
2025-01-12 01:20:05,307 [INFO] PluginManage:359 - Loaded plugin clock (category:base,tabindex:2)
2025-01-12 01:20:05,307 [INFO] PluginManage:310 - Check plugin ddr
2025-01-12 01:20:05,309 [INFO] PluginManage:359 - Loaded plugin ddr (category:tool,tabindex:6)
2025-01-12 01:20:05,310 [INFO] PluginManage:310 - Check plugin filemanager
2025-01-12 01:20:05,452 [INFO] PluginManage:359 - Loaded plugin filemanager (category:base,tabindex:10)
2025-01-12 01:20:05,452 [INFO] PluginManage:310 - Check plugin ipmanager
2025-01-12 01:20:05,459 [INFO] PluginManage:359 - Loaded plugin ipmanager (category:base,tabindex:5)
2025-01-12 01:20:05,459 [INFO] PluginManage:310 - Check plugin lpbam
2025-01-12 01:20:05,467 [INFO] PluginManage:359 - Loaded plugin lpbam (category:base,tabindex:0)
2025-01-12 01:20:05,468 [INFO] PluginManage:310 - Check plugin memorymap
2025-01-12 01:20:05,484 [INFO] PluginManage:359 - Loaded plugin memorymap (category:base,tabindex:4)
2025-01-12 01:20:05,485 [INFO] PluginManage:310 - Check plugin pinoutandconfiguration
2025-01-12 01:20:05,491 [INFO] PluginManage:359 - Loaded plugin pinoutandconfiguration (category:base,tabindex:1)
2025-01-12 01:20:05,491 [INFO] PluginManage:310 - Check plugin pinoutconfig
2025-01-12 01:20:05,575 [WARN] SupportedApi:132 - Cannot load RTOS API schema: s4s-elt-must-match.1: The content of 'definitions' must match (annotation?, (simpleType | complexType)?, (unique | key | keyref)*)). A problem was found starting at: attribute.
2025-01-12 01:20:05,711 [INFO] PluginManage:359 - Loaded plugin pinoutconfig (category:base,tabindex:0)
2025-01-12 01:20:05,711 [INFO] PluginManage:310 - Check plugin power
2025-01-12 01:20:05,719 [INFO] PluginManage:359 - Loaded plugin power (category:power,tabindex:4)
2025-01-12 01:20:05,719 [INFO] PluginManage:310 - Check plugin projectmanager
2025-01-12 01:20:05,734 [INFO] PluginManage:359 - Loaded plugin projectmanager (category:projectmanager,tabindex:4)
2025-01-12 01:20:05,734 [INFO] PluginManage:310 - Check plugin rif
2025-01-12 01:20:05,741 [INFO] PluginManage:359 - Loaded plugin rif (category:base,tabindex:3)
2025-01-12 01:20:05,742 [INFO] PluginManage:310 - Check plugin thirdparty
2025-01-12 01:20:05,871 [INFO] PluginManage:359 - Loaded plugin thirdparty (category:base,tabindex:-1)
2025-01-12 01:20:05,871 [INFO] PluginManage:310 - Check plugin tools
2025-01-12 01:20:05,871 [WARN] IntegrityCheckThread:84 - waiting for thirdparty lock release [integrity check]
2025-01-12 01:20:05,871 [INFO] IntegrityCheckThread:86 - entering critical section [integrity check]
2025-01-12 01:20:05,872 [INFO] ThirdPartyUpdaterWithRetryManager:70 - Updater plugin not ready yet. [1/15]
2025-01-12 01:20:05,873 [INFO] PluginManage:359 - Loaded plugin tools (category:base,tabindex:7)
2025-01-12 01:20:05,874 [INFO] PluginManage:310 - Check plugin tutovideos
2025-01-12 01:20:06,035 [INFO] PluginManage:359 - Loaded plugin tutovideos (category:base,tabindex:-1)
2025-01-12 01:20:06,035 [INFO] PluginManage:310 - Check plugin updater
2025-01-12 01:20:06,056 [INFO] PluginManage:359 - Loaded plugin updater (category:base,tabindex:12)
2025-01-12 01:20:06,056 [INFO] PluginManage:310 - Check plugin userauth
2025-01-12 01:20:06,062 [INFO] UserAuth:113 - Init User Auth plugin
2025-01-12 01:20:06,062 [INFO] PluginManage:359 - Loaded plugin userauth (category:base,tabindex:14)
2025-01-12 01:20:06,062 [INFO] PluginManage:283 - PluginManage : Loaded plugins [18]
2025-01-12 01:20:06,248 [INFO] PinOutPanel:1561 - setPackage(No Configuration,No Configuration)
2025-01-12 01:20:06,326 [INFO] CADModel:165 - CPN selected for project level
2025-01-12 01:20:06,326 [INFO] CADModel:114 - Register for checkConnection events
2025-01-12 01:20:06,339 [INFO] IPUIPlugin:80 - create IPUIPlugin
2025-01-12 01:20:06,339 [INFO] PluginManager:220 - loadIPPluginJar : add adc
2025-01-12 01:20:06,341 [INFO] IPUIPlugin:80 - create IPUIPlugin
2025-01-12 01:20:06,341 [INFO] PluginManager:220 - loadIPPluginJar : add aes
2025-01-12 01:20:06,344 [INFO] IPUIPlugin:80 - create IPUIPlugin
2025-01-12 01:20:06,344 [INFO] PluginManager:220 - loadIPPluginJar : add can
2025-01-12 01:20:06,346 [INFO] IPUIPlugin:80 - create IPUIPlugin
2025-01-12 01:20:06,346 [INFO] PluginManager:220 - loadIPPluginJar : add comp
2025-01-12 01:20:06,348 [INFO] IPUIPlugin:80 - create IPUIPlugin
2025-01-12 01:20:06,348 [INFO] PluginManager:220 - loadIPPluginJar : add cryp
2025-01-12 01:20:06,350 [INFO] IPUIPlugin:80 - create IPUIPlugin
2025-01-12 01:20:06,351 [INFO] PluginManager:220 - loadIPPluginJar : add ddr_ctrl_phy
2025-01-12 01:20:06,352 [INFO] IPUIPlugin:80 - create IPUIPlugin
2025-01-12 01:20:06,353 [INFO] PluginManager:220 - loadIPPluginJar : add dfsdm
2025-01-12 01:20:06,357 [INFO] IPUIPlugin:80 - create IPUIPlugin
2025-01-12 01:20:06,357 [INFO] PluginManager:220 - loadIPPluginJar : add dma
2025-01-12 01:20:06,359 [INFO] IPUIPlugin:80 - create IPUIPlugin
2025-01-12 01:20:06,359 [INFO] PluginManager:220 - loadIPPluginJar : add dma3
2025-01-12 01:20:06,362 [INFO] IPUIPlugin:80 - create IPUIPlugin
2025-01-12 01:20:06,362 [INFO] PluginManager:220 - loadIPPluginJar : add extmemmanager
2025-01-12 01:20:06,364 [INFO] IPUIPlugin:80 - create IPUIPlugin
2025-01-12 01:20:06,364 [INFO] PluginManager:220 - loadIPPluginJar : add fatfs
2025-01-12 01:20:06,367 [INFO] IPUIPlugin:80 - create IPUIPlugin
2025-01-12 01:20:06,368 [INFO] PluginManager:220 - loadIPPluginJar : add fmc
2025-01-12 01:20:06,372 [INFO] IPUIPlugin:80 - create IPUIPlugin
2025-01-12 01:20:06,372 [INFO] PluginManager:220 - loadIPPluginJar : add freertos
2025-01-12 01:20:06,373 [INFO] IPUIPlugin:80 - create IPUIPlugin
2025-01-12 01:20:06,373 [INFO] PluginManager:220 - loadIPPluginJar : add genericplugin
2025-01-12 01:20:06,375 [INFO] IPUIPlugin:80 - create IPUIPlugin
2025-01-12 01:20:06,375 [INFO] PluginManager:220 - loadIPPluginJar : add gfxmmu
2025-01-12 01:20:06,379 [INFO] IPUIPlugin:80 - create IPUIPlugin
2025-01-12 01:20:06,379 [INFO] PluginManager:220 - loadIPPluginJar : add gic
2025-01-12 01:20:06,382 [INFO] IPUIPlugin:80 - create IPUIPlugin
2025-01-12 01:20:06,382 [INFO] PluginManager:220 - loadIPPluginJar : add gpio
2025-01-12 01:20:06,384 [INFO] IPUIPlugin:80 - create IPUIPlugin
2025-01-12 01:20:06,384 [INFO] PluginManager:220 - loadIPPluginJar : add gtzc
2025-01-12 01:20:06,386 [INFO] IPUIPlugin:80 - create IPUIPlugin
2025-01-12 01:20:06,386 [INFO] PluginManager:220 - loadIPPluginJar : add hash
2025-01-12 01:20:06,387 [INFO] IPUIPlugin:80 - create IPUIPlugin
2025-01-12 01:20:06,388 [INFO] PluginManager:220 - loadIPPluginJar : add i2c
2025-01-12 01:20:06,390 [INFO] IPUIPlugin:80 - create IPUIPlugin
2025-01-12 01:20:06,390 [INFO] PluginManager:220 - loadIPPluginJar : add i2s
2025-01-12 01:20:06,392 [INFO] IPUIPlugin:80 - create IPUIPlugin
2025-01-12 01:20:06,392 [INFO] PluginManager:220 - loadIPPluginJar : add i3c
2025-01-12 01:20:06,395 [INFO] IPUIPlugin:80 - create IPUIPlugin
2025-01-12 01:20:06,395 [INFO] PluginManager:220 - loadIPPluginJar : add ipddr
2025-01-12 01:20:06,402 [INFO] IPUIPlugin:80 - create IPUIPlugin
2025-01-12 01:20:06,402 [INFO] PluginManager:220 - loadIPPluginJar : add linkedlist
2025-01-12 01:20:06,404 [INFO] IPUIPlugin:80 - create IPUIPlugin
2025-01-12 01:20:06,404 [INFO] PluginManager:220 - loadIPPluginJar : add lorawan
2025-01-12 01:20:06,406 [INFO] IPUIPlugin:80 - create IPUIPlugin
2025-01-12 01:20:06,406 [INFO] PluginManager:220 - loadIPPluginJar : add ltdc
2025-01-12 01:20:06,411 [INFO] IPUIPlugin:80 - create IPUIPlugin
2025-01-12 01:20:06,412 [INFO] PluginManager:220 - loadIPPluginJar : add mdma
2025-01-12 01:20:06,414 [INFO] IPUIPlugin:80 - create IPUIPlugin
2025-01-12 01:20:06,415 [INFO] PluginManager:220 - loadIPPluginJar : add nvic
2025-01-12 01:20:06,417 [INFO] IPUIPlugin:80 - create IPUIPlugin
2025-01-12 01:20:06,417 [INFO] PluginManager:220 - loadIPPluginJar : add opamp
2025-01-12 01:20:06,420 [INFO] IPUIPlugin:80 - create IPUIPlugin
2025-01-12 01:20:06,420 [INFO] PluginManager:220 - loadIPPluginJar : add openamp
2025-01-12 01:20:06,423 [INFO] IPUIPlugin:80 - create IPUIPlugin
2025-01-12 01:20:06,423 [INFO] PluginManager:220 - loadIPPluginJar : add pdm2pcm
2025-01-12 01:20:06,429 [INFO] IPUIPlugin:80 - create IPUIPlugin
2025-01-12 01:20:06,431 [INFO] PluginManager:220 - loadIPPluginJar : add plateformsettings
2025-01-12 01:20:06,433 [INFO] IPUIPlugin:80 - create IPUIPlugin
2025-01-12 01:20:06,433 [INFO] PluginManager:220 - loadIPPluginJar : add quadspi
2025-01-12 01:20:06,435 [INFO] IPUIPlugin:80 - create IPUIPlugin
2025-01-12 01:20:06,436 [INFO] PluginManager:220 - loadIPPluginJar : add radio
2025-01-12 01:20:06,439 [INFO] IPUIPlugin:80 - create IPUIPlugin
2025-01-12 01:20:06,439 [INFO] PluginManager:220 - loadIPPluginJar : add resmgrutility
2025-01-12 01:20:06,441 [INFO] IPUIPlugin:80 - create IPUIPlugin
2025-01-12 01:20:06,442 [INFO] PluginManager:220 - loadIPPluginJar : add sai
2025-01-12 01:20:06,444 [INFO] IPUIPlugin:80 - create IPUIPlugin
2025-01-12 01:20:06,444 [INFO] PluginManager:220 - loadIPPluginJar : add spi
2025-01-12 01:20:06,448 [INFO] IPUIPlugin:80 - create IPUIPlugin
2025-01-12 01:20:06,448 [INFO] PluginManager:220 - loadIPPluginJar : add stm32_wpan
2025-01-12 01:20:06,449 [INFO] IPUIPlugin:80 - create IPUIPlugin
2025-01-12 01:20:06,450 [INFO] PluginManager:220 - loadIPPluginJar : add tim
2025-01-12 01:20:06,453 [INFO] IPUIPlugin:80 - create IPUIPlugin
2025-01-12 01:20:06,453 [INFO] PluginManager:220 - loadIPPluginJar : add touchsensing
2025-01-12 01:20:06,455 [INFO] IPUIPlugin:80 - create IPUIPlugin
2025-01-12 01:20:06,455 [INFO] PluginManager:220 - loadIPPluginJar : add tracer_emb
2025-01-12 01:20:06,456 [INFO] IPUIPlugin:80 - create IPUIPlugin
2025-01-12 01:20:06,456 [INFO] PluginManager:220 - loadIPPluginJar : add ts
2025-01-12 01:20:06,458 [INFO] IPUIPlugin:80 - create IPUIPlugin
2025-01-12 01:20:06,458 [INFO] PluginManager:220 - loadIPPluginJar : add tsc
2025-01-12 01:20:06,459 [INFO] IPUIPlugin:80 - create IPUIPlugin
2025-01-12 01:20:06,459 [INFO] PluginManager:220 - loadIPPluginJar : add ucpd
2025-01-12 01:20:06,462 [INFO] IPUIPlugin:80 - create IPUIPlugin
2025-01-12 01:20:06,462 [INFO] PluginManager:220 - loadIPPluginJar : add usart
2025-01-12 01:20:06,464 [INFO] IPUIPlugin:80 - create IPUIPlugin
2025-01-12 01:20:06,464 [INFO] PluginManager:220 - loadIPPluginJar : add usbx
2025-01-12 01:20:06,577 [INFO] CADModel:165 - CPN selected for project level
2025-01-12 01:20:06,577 [INFO] CADModel:114 - Register for checkConnection events
2025-01-12 01:20:06,577 [FATAL] Updater:334 - Updater called before beeing initialized
2025-01-12 01:20:06,577 [ERROR] CADModel:125 - Updater not yet initialized, retry later 
2025-01-12 01:20:06,710 [INFO] CADModel:165 - CPN selected for project level
2025-01-12 01:20:06,710 [INFO] CADModel:114 - Register for checkConnection events
2025-01-12 01:20:06,710 [FATAL] Updater:334 - Updater called before beeing initialized
2025-01-12 01:20:06,710 [ERROR] CADModel:125 - Updater not yet initialized, retry later 
2025-01-12 01:20:06,713 [FATAL] Updater:334 - Updater called before beeing initialized
2025-01-12 01:20:06,820 [FATAL] Updater:334 - Updater called before beeing initialized
2025-01-12 01:20:06,824 [INFO] DbMcusAds:53 - JSON generation date=Tue Dec 17 17:01:15 CET 2024 (1734451275222)
2025-01-12 01:20:06,824 [FATAL] Updater:334 - Updater called before beeing initialized
2025-01-12 01:20:06,860 [WARN] DetailPanel:346 - Failed to get advertising image, set to default
2025-01-12 01:20:06,937 [FATAL] Updater:334 - Updater called before beeing initialized
2025-01-12 01:20:06,938 [FATAL] Updater:334 - Updater called before beeing initialized
2025-01-12 01:20:06,939 [FATAL] Updater:334 - Updater called before beeing initialized
2025-01-12 01:20:06,939 [WARN] DetailPanel:346 - Failed to get advertising image, set to default
2025-01-12 01:20:06,939 [FATAL] Updater:334 - Updater called before beeing initialized
2025-01-12 01:20:06,984 [ERROR] Updater:1164 - MainUpdater not yet initialized. External WinMGr cannot be set.
2025-01-12 01:20:06,986 [INFO] Updater:1100 - Updater Version found : 6.12.0
2025-01-12 01:20:07,002 [INFO] ApplicationProperties:184 - Using Application install path: C:\ST\STM32CubeIDE_1.16.0\STM32CubeIDE\plugins\com.st.stm32cube.common.mx_6.12.0.202406281431
2025-01-12 01:20:08,569 [ERROR] LogOutputStream:75 - [STDERR_REDIRECT] Jan 12, 2025 1:20:08 AM java.util.prefs.WindowsPreferences <init>
2025-01-12 01:20:08,572 [ERROR] LogOutputStream:75 - [STDERR_REDIRECT] WARNING: Could not open/create prefs root node Software\JavaSoft\Prefs at root 0xffffffff80000002. Windows RegCreateKeyEx(...) returned error code 5.
2025-01-12 01:20:08,572 [ERROR] LogOutputStream:75 - [STDERR_REDIRECT] 
2025-01-12 01:20:08,863 [INFO] MainUpdater:2873 - connection check result : 10
2025-01-12 01:20:08,864 [INFO] MainUpdater:290 - Updater Check For Update Now.
2025-01-12 01:20:08,864 [INFO] MicroXplorer:498 - Change Database Version : DB.6.0.120
2025-01-12 01:20:08,872 [WARN] MainUpdater:1194 - Updater busy. Cannot search thirdparties
2025-01-12 01:20:08,872 [INFO] ThirdPartyUpdaterWithRetryManager:96 - Updater plugin is busy. [1/15]
2025-01-12 01:20:08,873 [INFO] McuFinderGlobals:63 - Set McuFinder mode to 2 (CubeIDE integrated)
2025-01-12 01:20:08,874 [INFO] UserAuth:417 - Internet connection configuration mode: 1
2025-01-12 01:20:08,902 [INFO] JxBrowserEngine:152 - Initiate JxBrowser Engine with user profile folder
2025-01-12 01:20:09,068 [INFO] CheckServerUpdateThread:120 - End of CheckServer Thread
2025-01-12 01:20:09,564 [INFO] WebApp:167 - Instantiating new browser for Auth
2025-01-12 01:20:10,355 [INFO] WebApp:448 - Apply proxy settings
2025-01-12 01:20:10,356 [INFO] WebApp:533 - Chromium requires no authentication
2025-01-12 01:20:10,366 [INFO] WebApp:476 - Direct internet connection detected
2025-01-12 01:20:10,397 [INFO] WebApp:869 - Register for checkConnection events
2025-01-12 01:20:10,397 [INFO] WebApp:448 - Apply proxy settings
2025-01-12 01:20:10,397 [INFO] WebApp:533 - Chromium requires no authentication
2025-01-12 01:20:10,398 [INFO] WebApp:476 - Direct internet connection detected
2025-01-12 01:20:10,583 [INFO] WebApp:220 - Starting web application
2025-01-12 01:20:10,584 [INFO] WebApp:578 - Web application path used C:\ST\STM32CubeIDE_1.16.0\STM32CubeIDE\plugins\com.st.stm32cube.common.mx_6.12.0.202406281431\db\plugins\mcufinder\reactClient1\index.html
2025-01-12 01:20:10,703 [INFO] WebApp:186 - Connection restablished
2025-01-12 01:20:10,707 [INFO] UserAuth:417 - Internet connection configuration mode: 1
2025-01-12 01:20:12,097 [WARN] PackLoader:240 - Cannot read IP mode file for STMicroelectronics.FP-SNS-MOTENVWB1.1.4.0
2025-01-12 01:20:12,109 [WARN] PackLoader:240 - Cannot read IP mode file for STMicroelectronics.FP-ATR-ASTRA1.2.0.1
2025-01-12 01:20:12,118 [WARN] PackLoader:240 - Cannot read IP mode file for STMicroelectronics.X-CUBE-SMBUS.2.1.0
2025-01-12 01:20:12,126 [WARN] PackLoader:240 - Cannot read IP mode file for STMicroelectronics.X-CUBE-WB05N.1.1.0
2025-01-12 01:20:12,165 [WARN] PackLoader:240 - Cannot read IP mode file for STMicroelectronics.X-CUBE-AZRTOS-F7.1.1.0
2025-01-12 01:20:12,276 [WARN] PackLoader:240 - Cannot read IP mode file for STMicroelectronics.X-CUBE-MEMS1.11.0.0
2025-01-12 01:20:12,498 [WARN] PackLoader:240 - Cannot read IP mode file for STMicroelectronics.FP-SNS-FLIGHT1.5.0.2
2025-01-12 01:20:12,506 [WARN] PackLoader:240 - Cannot read IP mode file for STMicroelectronics.X-CUBE-DISPLAY.3.0.0
2025-01-12 01:20:12,514 [WARN] PackLoader:240 - Cannot read IP mode file for STMicroelectronics.X-CUBE-BLE1.7.0.0
2025-01-12 01:20:12,521 [WARN] PackLoader:240 - Cannot read IP mode file for STMicroelectronics.X-CUBE-NFC10.1.0.0
2025-01-12 01:20:12,531 [WARN] PackLoader:240 - Cannot read IP mode file for STMicroelectronics.X-CUBE-BLEMGR.4.0.0
2025-01-12 01:20:12,540 [WARN] PackLoader:240 - Cannot read IP mode file for emotas.I-CUBE-CANOPEN.1.3.0
2025-01-12 01:20:12,549 [WARN] PackLoader:240 - Cannot read IP mode file for STMicroelectronics.X-CUBE-BLEMGR.3.1.0
2025-01-12 01:20:12,557 [WARN] PackLoader:240 - Cannot read IP mode file for STMicroelectronics.FP-SNS-SMARTAG2.1.2.0
2025-01-12 01:20:12,618 [WARN] PackLoader:240 - Cannot read IP mode file for STMicroelectronics.X-CUBE-MEMS1.11.1.0
2025-01-12 01:20:12,731 [INFO] LogOutputStream:77 - [STDOUT_REDIRECT] 1 : Invalid condition id : UX_CORESTACK_Condition cause : null
2025-01-12 01:20:12,732 [INFO] LogOutputStream:77 - [STDOUT_REDIRECT] 1 : Invalid condition id : UX_CORESTACK_Condition cause : null
2025-01-12 01:20:12,733 [INFO] LogOutputStream:77 - [STDOUT_REDIRECT] 1 : Invalid condition id : UX_CORESTACK_Condition cause : null
2025-01-12 01:20:12,735 [INFO] LogOutputStream:77 - [STDOUT_REDIRECT] 1 : Invalid condition id : UX_CORESTACK_Condition cause : null
2025-01-12 01:20:12,736 [INFO] LogOutputStream:77 - [STDOUT_REDIRECT] 1 : Invalid condition id : UX_CORESTACK_Condition cause : null
2025-01-12 01:20:12,739 [WARN] PackLoader:240 - Cannot read IP mode file for STMicroelectronics.X-CUBE-AZRTOS-WL.2.0.0
2025-01-12 01:20:12,745 [WARN] PackLoader:240 - Cannot read IP mode file for STMicroelectronics.FP-SNS-MOTENV1.5.0.0
2025-01-12 01:20:12,749 [WARN] PackLoader:240 - Cannot read IP mode file for wolfSSL.I-CUBE-wolfMQTT.1.19.0
2025-01-12 01:20:12,758 [WARN] PackLoader:240 - Cannot read IP mode file for WES.I-CUBE-Cesium.1.3.0
2025-01-12 01:20:12,765 [WARN] PackLoader:240 - Cannot read IP mode file for STMicroelectronics.X-CUBE-BLE2.3.3.0
2025-01-12 01:20:12,772 [WARN] PackLoader:240 - Cannot read IP mode file for STMicroelectronics.X-CUBE-NFC9.1.0.0
2025-01-12 01:20:12,779 [WARN] PackLoader:240 - Cannot read IP mode file for STMicroelectronics.X-CUBE-TCPP.4.1.0
2025-01-12 01:20:12,795 [WARN] PackLoader:240 - Cannot read IP mode file for STMicroelectronics.X-CUBE-AZRTOS-G0.1.1.0
2025-01-12 01:20:12,802 [WARN] PackLoader:240 - Cannot read IP mode file for STMicroelectronics.X-CUBE-SAFEA1.1.2.2
2025-01-12 01:20:12,807 [WARN] PackLoader:240 - Cannot read IP mode file for STMicroelectronics.X-CUBE-NFC4.3.0.0
2025-01-12 01:20:12,816 [WARN] PackLoader:240 - Cannot read IP mode file for EmbeddedOffice.I-CUBE-FS-RTOS.1.0.1
2025-01-12 01:20:12,816 [ERROR] ConditionMgr:805 - Attr not supported : Dmpu
2025-01-12 01:20:12,817 [ERROR] ConditionMgr:805 - Attr not supported : Dmpu
2025-01-12 01:20:12,817 [ERROR] ConditionMgr:805 - Attr not supported : Dmpu
2025-01-12 01:20:12,817 [ERROR] ConditionMgr:805 - Attr not supported : Dmpu
2025-01-12 01:20:12,817 [ERROR] ConditionMgr:805 - Attr not supported : Dmpu
2025-01-12 01:20:12,818 [ERROR] ConditionMgr:805 - Attr not supported : Dmpu
2025-01-12 01:20:12,818 [ERROR] ConditionMgr:805 - Attr not supported : Dmpu
2025-01-12 01:20:12,818 [ERROR] ConditionMgr:805 - Attr not supported : Dmpu
2025-01-12 01:20:12,818 [ERROR] ConditionMgr:805 - Attr not supported : Dmpu
2025-01-12 01:20:12,818 [ERROR] ConditionMgr:805 - Attr not supported : Dmpu
2025-01-12 01:20:12,818 [ERROR] ConditionMgr:805 - Attr not supported : Dmpu
2025-01-12 01:20:12,818 [ERROR] ConditionMgr:805 - Attr not supported : Dmpu
2025-01-12 01:20:12,818 [ERROR] ConditionMgr:805 - Attr not supported : Dmpu
2025-01-12 01:20:12,818 [ERROR] ConditionMgr:805 - Attr not supported : Dmpu
2025-01-12 01:20:12,818 [ERROR] ConditionMgr:805 - Attr not supported : Dmpu
2025-01-12 01:20:12,819 [ERROR] ConditionMgr:805 - Attr not supported : Dmpu
2025-01-12 01:20:12,819 [ERROR] ConditionMgr:805 - Attr not supported : Dmpu
2025-01-12 01:20:12,819 [ERROR] ConditionMgr:805 - Attr not supported : Dmpu
2025-01-12 01:20:12,819 [ERROR] ConditionMgr:805 - Attr not supported : Dmpu
2025-01-12 01:20:12,819 [ERROR] ConditionMgr:805 - Attr not supported : Dmpu
2025-01-12 01:20:12,819 [ERROR] ConditionMgr:805 - Attr not supported : Dmpu
2025-01-12 01:20:12,819 [ERROR] ConditionMgr:805 - Attr not supported : Dmpu
2025-01-12 01:20:12,819 [ERROR] ConditionMgr:805 - Attr not supported : Dmpu
2025-01-12 01:20:12,819 [ERROR] ConditionMgr:805 - Attr not supported : Dmpu
2025-01-12 01:20:12,819 [ERROR] ConditionMgr:805 - Attr not supported : Dmpu
2025-01-12 01:20:12,819 [ERROR] ConditionMgr:805 - Attr not supported : Dmpu
2025-01-12 01:20:12,819 [ERROR] ConditionMgr:805 - Attr not supported : Dmpu
2025-01-12 01:20:12,820 [ERROR] ConditionMgr:805 - Attr not supported : Dmpu
2025-01-12 01:20:12,820 [ERROR] ConditionMgr:805 - Attr not supported : Dmpu
2025-01-12 01:20:12,820 [ERROR] ConditionMgr:805 - Attr not supported : Dmpu
2025-01-12 01:20:12,820 [ERROR] ConditionMgr:805 - Attr not supported : Dmpu
2025-01-12 01:20:12,820 [ERROR] ConditionMgr:805 - Attr not supported : Dmpu
2025-01-12 01:20:12,820 [ERROR] ConditionMgr:805 - Attr not supported : Dmpu
2025-01-12 01:20:12,820 [ERROR] ConditionMgr:805 - Attr not supported : Dmpu
2025-01-12 01:20:12,820 [ERROR] ConditionMgr:805 - Attr not supported : Dmpu
2025-01-12 01:20:12,820 [ERROR] ConditionMgr:805 - Attr not supported : Dmpu
2025-01-12 01:20:12,820 [ERROR] ConditionMgr:805 - Attr not supported : Dmpu
2025-01-12 01:20:12,821 [ERROR] ConditionMgr:805 - Attr not supported : Dmpu
2025-01-12 01:20:12,821 [ERROR] ConditionMgr:805 - Attr not supported : Dmpu
2025-01-12 01:20:12,821 [ERROR] ConditionMgr:805 - Attr not supported : Dmpu
2025-01-12 01:20:12,821 [ERROR] ConditionMgr:805 - Attr not supported : Dmpu
2025-01-12 01:20:12,821 [ERROR] ConditionMgr:805 - Attr not supported : Dmpu
2025-01-12 01:20:12,821 [ERROR] ConditionMgr:805 - Attr not supported : Dmpu
2025-01-12 01:20:12,821 [ERROR] ConditionMgr:805 - Attr not supported : Dmpu
2025-01-12 01:20:12,821 [ERROR] ConditionMgr:805 - Attr not supported : Dmpu
2025-01-12 01:20:12,821 [ERROR] ConditionMgr:805 - Attr not supported : Dmpu
2025-01-12 01:20:12,821 [ERROR] ConditionMgr:805 - Attr not supported : Dmpu
2025-01-12 01:20:12,821 [ERROR] ConditionMgr:805 - Attr not supported : Dmpu
2025-01-12 01:20:12,821 [ERROR] ConditionMgr:805 - Attr not supported : Dmpu
2025-01-12 01:20:12,822 [ERROR] ConditionMgr:805 - Attr not supported : Dmpu
2025-01-12 01:20:12,822 [ERROR] ConditionMgr:805 - Attr not supported : Dmpu
2025-01-12 01:20:12,822 [ERROR] ConditionMgr:805 - Attr not supported : Dmpu
2025-01-12 01:20:12,822 [ERROR] ConditionMgr:805 - Attr not supported : Dmpu
2025-01-12 01:20:12,822 [ERROR] ConditionMgr:805 - Attr not supported : Dmpu
2025-01-12 01:20:12,822 [ERROR] ConditionMgr:805 - Attr not supported : Dmpu
2025-01-12 01:20:12,822 [ERROR] ConditionMgr:805 - Attr not supported : Dmpu
2025-01-12 01:20:12,822 [ERROR] ConditionMgr:805 - Attr not supported : Dmpu
2025-01-12 01:20:12,822 [ERROR] ConditionMgr:805 - Attr not supported : Dmpu
2025-01-12 01:20:12,822 [ERROR] ConditionMgr:805 - Attr not supported : Dmpu
2025-01-12 01:20:12,822 [ERROR] ConditionMgr:805 - Attr not supported : Dmpu
2025-01-12 01:20:12,822 [ERROR] ConditionMgr:805 - Attr not supported : Dmpu
2025-01-12 01:20:12,822 [ERROR] ConditionMgr:805 - Attr not supported : Dmpu
2025-01-12 01:20:12,822 [ERROR] ConditionMgr:805 - Attr not supported : Dmpu
2025-01-12 01:20:12,823 [ERROR] ConditionMgr:805 - Attr not supported : Dmpu
2025-01-12 01:20:12,828 [ERROR] Engine:466 - C:\Users\nclsr\.stm32cubemx\thirdparties\pdsc\STMicroelectronics.X-CUBE-TCPP.4.2.0.pdsc: PDSC version is not supported
2025-01-12 01:20:12,832 [WARN] PackLoader:240 - Cannot read IP mode file for RealThread.X-CUBE-RT-Thread_Nano.4.1.1
2025-01-12 01:20:12,838 [WARN] PackLoader:240 - Cannot read IP mode file for STMicroelectronics.FP-ATR-SIGFOX1.3.2.0
2025-01-12 01:20:12,843 [WARN] PackLoader:240 - Cannot read IP mode file for wolfSSL.I-CUBE-wolfSSL.5.7.2
2025-01-12 01:20:12,848 [WARN] ConditionMgr:438 - getConditionDescription Invalid condition id : Cortex-A Device cause : null
2025-01-12 01:20:12,881 [WARN] ConditionMgr:1039 - genDependencies : Invalid condition id : Cortex-A Device cause : null
2025-01-12 01:20:12,881 [WARN] ConditionMgr:1039 - genDependencies : Invalid condition id : Cortex-A Device cause : null
2025-01-12 01:20:12,881 [WARN] ConditionMgr:1039 - genDependencies : Invalid condition id : Cortex-A Device cause : null
2025-01-12 01:20:12,887 [WARN] PackLoader:240 - Cannot read IP mode file for STMicroelectronics.X-CUBE-EEPRMA1.5.1.0
2025-01-12 01:20:12,895 [WARN] PackLoader:240 - Cannot read IP mode file for ITTIA_DB.I-CUBE-ITTIADB.8.9.0
2025-01-12 01:20:12,934 [WARN] PackLoader:240 - Cannot read IP mode file for SEGGER.I-CUBE-embOS.1.3.1
2025-01-12 01:20:12,977 [WARN] PackLoader:240 - Cannot read IP mode file for STMicroelectronics.X-CUBE-ALGOBUILD.1.4.0
2025-01-12 01:20:12,981 [WARN] PackLoader:240 - Cannot read IP mode file for STMicroelectronics.X-CUBE-AI.9.1.0
2025-01-12 01:20:12,988 [WARN] PackLoader:240 - Cannot read IP mode file for STMicroelectronics.X-CUBE-GNSS1.6.0.0
2025-01-12 01:20:13,004 [WARN] PackLoader:240 - Cannot read IP mode file for STMicroelectronics.X-CUBE-AZRTOS-F4.1.1.0
2025-01-12 01:20:13,011 [WARN] PackLoader:240 - Cannot read IP mode file for STMicroelectronics.X-CUBE-ISPU.2.1.0
2025-01-12 01:20:13,017 [WARN] PackLoader:240 - Cannot read IP mode file for STMicroelectronics.X-CUBE-FREERTOS.1.2.0
2025-01-12 01:20:13,034 [WARN] PackLoader:240 - Cannot read IP mode file for STMicroelectronics.X-CUBE-AZRTOS-L5.2.0.0
2025-01-12 01:20:13,044 [WARN] PackLoader:240 - Cannot read IP mode file for STMicroelectronics.X-CUBE-NFC6.3.1.0
2025-01-12 01:20:13,052 [WARN] PackLoader:240 - Cannot read IP mode file for STMicroelectronics.X-CUBE-DPower.1.2.0
2025-01-12 01:20:13,059 [WARN] PackLoader:240 - Cannot read IP mode file for STMicroelectronics.X-CUBE-AI.9.0.0
2025-01-12 01:20:13,066 [WARN] PackLoader:240 - Cannot read IP mode file for STMicroelectronics.X-CUBE-FREERTOS.1.3.0
2025-01-12 01:20:13,073 [WARN] PackLoader:240 - Cannot read IP mode file for STMicroelectronics.X-CUBE-NFC7.1.0.1
2025-01-12 01:20:13,094 [WARN] ConditionMgr:438 - getConditionDescription Invalid condition id : LAN8742 Phy interface Condition cause : null
2025-01-12 01:20:13,095 [WARN] PackLoader:240 - Cannot read IP mode file for STMicroelectronics.X-CUBE-AZRTOS-L4.2.0.0
2025-01-12 01:20:13,097 [WARN] ConditionMgr:1039 - genDependencies : Invalid condition id : LAN8742 Phy interface Condition cause : null
2025-01-12 01:20:13,097 [WARN] ConditionMgr:1039 - genDependencies : Invalid condition id : LAN8742 Phy interface Condition cause : null
2025-01-12 01:20:13,098 [WARN] ConditionMgr:1039 - genDependencies : Invalid condition id : LAN8742 Phy interface Condition cause : null
2025-01-12 01:20:13,108 [WARN] PackLoader:240 - Cannot read IP mode file for STMicroelectronics.X-CUBE-SFXS2LP1.4.0.0
2025-01-12 01:20:13,141 [WARN] PackLoader:240 - Cannot read IP mode file for STMicroelectronics.X-CUBE-AZRTOS-H7.3.3.0
2025-01-12 01:20:13,165 [WARN] ConditionMgr:438 - getConditionDescription Invalid condition id : UX DEVICE CLASS RTOS Condition cause : null
2025-01-12 01:20:13,165 [WARN] ConditionMgr:438 - getConditionDescription Invalid condition id : UX DEVICE CLASS RTOS Condition cause : null
2025-01-12 01:20:13,168 [WARN] PackLoader:240 - Cannot read IP mode file for STMicroelectronics.X-CUBE-AZRTOS-WB.2.0.0
2025-01-12 01:20:13,170 [WARN] ConditionMgr:1039 - genDependencies : Invalid condition id : UX DEVICE CLASS RTOS Condition cause : null
2025-01-12 01:20:13,170 [WARN] ConditionMgr:1039 - genDependencies : Invalid condition id : UX DEVICE CLASS RTOS Condition cause : null
2025-01-12 01:20:13,171 [WARN] ConditionMgr:1039 - genDependencies : Invalid condition id : UX DEVICE CLASS RTOS Condition cause : null
2025-01-12 01:20:13,171 [WARN] ConditionMgr:1039 - genDependencies : Invalid condition id : UX DEVICE CLASS RTOS Condition cause : null
2025-01-12 01:20:13,171 [WARN] ConditionMgr:1039 - genDependencies : Invalid condition id : UX DEVICE CLASS RTOS Condition cause : null
2025-01-12 01:20:13,179 [WARN] PackLoader:240 - Cannot read IP mode file for STMicroelectronics.X-CUBE-GNSS1.7.0.0
2025-01-12 01:20:13,187 [WARN] PackLoader:240 - Cannot read IP mode file for STMicroelectronics.X-CUBE-GNSS1.7.0.1
2025-01-12 01:20:13,197 [WARN] PackLoader:240 - Cannot read IP mode file for STMicroelectronics.FP-SNS-STBOX1.2.0.0
2025-01-12 01:20:13,214 [WARN] PackLoader:240 - Cannot read IP mode file for STMicroelectronics.X-CUBE-SUBG2.5.0.0
2025-01-12 01:20:13,226 [WARN] PackLoader:240 - Cannot read IP mode file for Cesanta.I-CUBE-Mongoose.7.13.0
2025-01-12 01:20:13,250 [WARN] PackLoader:240 - Cannot read IP mode file for STMicroelectronics.X-CUBE-AZRTOS-G4.2.0.0
2025-01-12 01:20:13,267 [WARN] PackLoader:240 - Cannot read IP mode file for STMicroelectronics.X-CUBE-ISPU.2.0.0
2025-01-12 01:20:13,274 [ERROR] Engine:466 - C:\Users\nclsr\.stm32cubemx\thirdparties\pdsc\STMicroelectronics.X-CUBE-IPS.3.1.0.pdsc: PDSC version is not supported
2025-01-12 01:20:13,286 [WARN] PackLoader:240 - Cannot read IP mode file for STMicroelectronics.X-CUBE-ALS.1.0.2
2025-01-12 01:20:13,298 [WARN] PackLoader:240 - Cannot read IP mode file for STMicroelectronics.X-CUBE-TOUCHGFX.4.24.0
2025-01-12 01:20:13,303 [WARN] PackLoader:240 - Cannot read IP mode file for STMicroelectronics.X-CUBE-TOUCHGFX.4.24.2
2025-01-12 01:20:13,308 [WARN] PackLoader:240 - Cannot read IP mode file for wolfSSL.I-CUBE-wolfTPM.3.4.0
2025-01-12 01:20:13,318 [WARN] PackLoader:240 - Cannot read IP mode file for portGmbH.I-Cube-SoM-uGOAL.1.1.0
2025-01-12 01:20:13,344 [WARN] PackLoader:240 - Cannot read IP mode file for STMicroelectronics.X-CUBE-AZRTOS-H7RS.1.0.0
2025-01-12 01:20:13,352 [WARN] PackLoader:240 - Cannot read IP mode file for STMicroelectronics.FP-ATR-ASTRA1.2.0.0
2025-01-12 01:20:13,363 [WARN] PackLoader:240 - Cannot read IP mode file for STMicroelectronics.X-CUBE-TOF1.3.4.2
2025-01-12 01:20:13,394 [WARN] PackLoader:240 - Cannot read IP mode file for Infineon.AIROC-Wi-Fi-Bluetooth-STM32.1.6.1
2025-01-12 01:20:13,403 [WARN] PackLoader:240 - Cannot read IP mode file for wolfSSL.I-CUBE-wolfSSH.1.4.17
2025-01-12 01:20:13,404 [INFO] ThirdParty:978 - Integrity check success = true
2025-01-12 01:20:13,404 [INFO] IntegrityCheckThread:100 - exiting critical section [integrity check]
2025-01-12 01:20:13,404 [INFO] IntegrityCheckThread:103 - End integrity checks thread
2025-01-12 01:20:15,928 [ERROR] LogOutputStream:75 - [STDERR_REDIRECT] 
2025-01-12 01:20:15,929 [ERROR] LogOutputStream:75 - [STDERR_REDIRECT] 
